C:\Users\skgtdni\AppData\Local\Microsoft\WindowsApps\ubuntu1804.exe run "export PYTHONUNBUFFERED=1 && export PYTHONIOENCODING=UTF-8 && export \"PYTHONPATH=/mnt/d/Home/Dimitris/OneDrive - University College London/Data/David/Midbrain Sequencing Data:/mnt/c/Program Files/JetBrains/PyCharm 2019.3.4/plugins/python/helpers/pycharm_matplotlib_backend:/mnt/c/Program Files/JetBrains/PyCharm 2019.3.4/plugins/python/helpers/pycharm_display\" && export PYCHARM_HOSTED=1 && export PYCHARM_DISPLAY_PORT=63342 && cd \"/mnt/d/Home/Dimitris/OneDrive - University College London/Data/David/Midbrain Sequencing Data\" && /root/anaconda3/envs/starfish/bin/python \"/mnt/d/Home/Dimitris/OneDrive - University College London/Data/David/Midbrain Sequencing Data/app.py\""
/root/anaconda3/envs/starfish/lib/python3.6/site-packages/dask/config.py:168: YAMLLoadWarning: calling yaml.load() without Loader=... is deprecated, as the default Loader is unsafe. Please read https://msg.pyyaml.org/load for full details.
  data = yaml.load(f.read()) or {}
/mnt/d/Home/Dimitris/OneDrive - University College London/Data/David/Midbrain Sequencing Data
2020-07-08 13:46:33,280:INFO:********* Getting spot attributes from /mnt/d/Home/Dimitris/OneDrive - University College London/Data/David/Midbrain Sequencing Data/data/cell_call_demo_data/mouse_full_coronal/cell_type_input/spots.csv **********
2020-07-08 13:46:36,105:INFO:Loading geneset from /mnt/d/Home/Dimitris/OneDrive - University College London/Data/David/Midbrain Sequencing Data/data/cell_call_demo_data/David/scRNAseq.csv.gz
/mnt/d/Home/Dimitris/OneDrive - University College London/Data/David/Midbrain Sequencing Data/app.py:22: DtypeWarning: Columns (1,2,3,4,5,6,7,8,9,10,11,12,13,14,15,16,17,18,19,20,21,22,23,24,25,26,27,28,29,30,31,32,33,34,35,36,37,38,39,40,41,42,43,44,45,46,47,48,49,50,51,52,53,54,55,56,57,58,59,60,61,62,63,64,65,66,67,68,69,70,71,72,73,74,75,76,77,78,79,80,81,82,83,84,85,86,87,88,89,90,91,92,93,94,95,96,97,98,99,100,101,102,103,104,105,106,107,108,109,110,111,112,113,114,115,116,117,118,119,120,121,122,123,124,125,126,127,128,129,130,131,132,133,134,135,136,137,138,139,140,141,142,143,144,145,146,147,148,149,150,151,152,153,154,155,156,157,158,159,160,161,162,163,164,165,166,167,168,169,170,171,172,173,174,175,176,177,178,179,180,181,182,183,184,185,186,187,188,189,190,191,192,193,194,195,196,197,198,199,200,201,202,203,204,205,206,207,208,209,210,211,212,213,214,215,216,217,218,219,220,221,222,223,224,225,226,227,228,229,230,231,232,233,234,235,236,237,238,239,240,241,242,243,244,245,246,247,248,249,250,251,252,253,254,255,256,257,258,259,260,261,262,263,264,265) have mixed types.Specify dtype option on import or set low_memory=False.
  cellData, geneData = varBayes(my_config)
2020-07-08 13:46:37,362:INFO:Renaming subclasses PC.CA2 and PC.CA3 to be PC.Other1 and PC.Other2
2020-07-08 13:46:43,778:INFO:calc expected gamma
time in geneCount:  1.687807321548462
2020-07-08 13:49:36,890:INFO:cell to cell type
time in geneCount:  1.3392088413238525
2020-07-08 13:55:10,685:INFO:Cell 0 is classified as Zero with prob 0.96658807
2020-07-08 13:55:10,685:INFO:cell ---> klass probabilities updated
2020-07-08 13:55:12,058:INFO:spot to cell
in loglik
2020-07-08 13:57:04,550:INFO:spot ---> cell probabilities updated
2020-07-08 13:57:05,209:INFO:update gamma
2020-07-08 14:00:37,906:INFO:Iteration 0, mean prob change 1.000000
2020-07-08 14:00:37,906:INFO:calc expected gamma
time in geneCount:  1.3733468055725098
2020-07-08 14:03:30,273:INFO:cell to cell type
time in geneCount:  1.2919466495513916
2020-07-08 14:09:17,584:INFO:Cell 0 is classified as Zero with prob 0.92609820
2020-07-08 14:09:17,584:INFO:cell ---> klass probabilities updated
2020-07-08 14:09:18,938:INFO:spot to cell
in loglik
2020-07-08 14:11:20,962:INFO:spot ---> cell probabilities updated
2020-07-08 14:11:21,626:INFO:update gamma
2020-07-08 14:13:22,993:INFO:Iteration 1, mean prob change 0.746504
2020-07-08 14:13:22,996:INFO:calc expected gamma
time in geneCount:  1.6456761360168457
2020-07-08 14:16:31,583:INFO:cell to cell type
time in geneCount:  1.4638996124267578
2020-07-08 14:22:52,176:INFO:Cell 0 is classified as Zero with prob 0.91363651
2020-07-08 14:22:52,176:INFO:cell ---> klass probabilities updated
2020-07-08 14:22:53,645:INFO:spot to cell
in loglik
2020-07-08 14:24:57,854:INFO:spot ---> cell probabilities updated
2020-07-08 14:24:58,556:INFO:update gamma
2020-07-08 14:28:03,328:INFO:Iteration 2, mean prob change 0.520520
2020-07-08 14:28:03,332:INFO:calc expected gamma
time in geneCount:  1.4905219078063965
2020-07-08 14:31:03,842:INFO:cell to cell type
time in geneCount:  1.466282844543457
2020-07-08 14:37:23,589:INFO:Cell 0 is classified as Zero with prob 0.90952558
2020-07-08 14:37:23,589:INFO:cell ---> klass probabilities updated
2020-07-08 14:37:25,078:INFO:spot to cell
in loglik
2020-07-08 14:39:28,477:INFO:spot ---> cell probabilities updated
2020-07-08 14:39:29,178:INFO:update gamma
2020-07-08 14:42:24,808:INFO:Iteration 3, mean prob change 0.458052
2020-07-08 14:42:24,810:INFO:calc expected gamma
time in geneCount:  1.4915189743041992
2020-07-08 14:45:23,464:INFO:cell to cell type
time in geneCount:  1.3998446464538574
2020-07-08 14:51:27,366:INFO:Cell 0 is classified as Zero with prob 0.90834890
2020-07-08 14:51:27,366:INFO:cell ---> klass probabilities updated
2020-07-08 14:51:28,877:INFO:spot to cell
in loglik
2020-07-08 14:53:26,159:INFO:spot ---> cell probabilities updated
2020-07-08 14:53:26,848:INFO:update gamma
2020-07-08 14:56:11,825:INFO:Iteration 4, mean prob change 0.495921
2020-07-08 14:56:11,830:INFO:calc expected gamma
time in geneCount:  1.3754098415374756
2020-07-08 14:59:12,122:INFO:cell to cell type
time in geneCount:  1.3812696933746338
2020-07-08 15:05:17,453:INFO:Cell 0 is classified as Zero with prob 0.90800707
2020-07-08 15:05:17,453:INFO:cell ---> klass probabilities updated
2020-07-08 15:05:18,989:INFO:spot to cell
in loglik
2020-07-08 15:07:13,799:INFO:spot ---> cell probabilities updated
2020-07-08 15:07:14,500:INFO:update gamma
2020-07-08 15:10:25,321:INFO:Iteration 5, mean prob change 0.342619
2020-07-08 15:10:25,326:INFO:calc expected gamma
time in geneCount:  1.434095859527588
2020-07-08 15:13:19,538:INFO:cell to cell type
time in geneCount:  1.3550240993499756
2020-07-08 15:19:09,709:INFO:Cell 0 is classified as Zero with prob 0.90790272
2020-07-08 15:19:09,709:INFO:cell ---> klass probabilities updated
2020-07-08 15:19:11,177:INFO:spot to cell
in loglik
2020-07-08 15:21:05,537:INFO:spot ---> cell probabilities updated
2020-07-08 15:21:06,209:INFO:update gamma
2020-07-08 15:25:27,286:INFO:Iteration 6, mean prob change 0.189120
2020-07-08 15:25:27,292:INFO:calc expected gamma
time in geneCount:  1.528611660003662
2020-07-08 15:28:22,453:INFO:cell to cell type
time in geneCount:  1.3863773345947266
2020-07-08 15:34:11,444:INFO:Cell 0 is classified as Zero with prob 0.90788544
2020-07-08 15:34:11,444:INFO:cell ---> klass probabilities updated
2020-07-08 15:34:13,036:INFO:spot to cell
in loglik
2020-07-08 15:36:07,045:INFO:spot ---> cell probabilities updated
2020-07-08 15:36:07,738:INFO:update gamma
2020-07-08 15:42:33,378:INFO:Iteration 7, mean prob change 0.185673
2020-07-08 15:42:33,381:INFO:calc expected gamma
time in geneCount:  1.4879286289215088
2020-07-08 15:45:32,304:INFO:cell to cell type
time in geneCount:  1.3950603008270264
2020-07-08 15:51:34,740:INFO:Cell 0 is classified as Zero with prob 0.90788744
2020-07-08 15:51:34,741:INFO:cell ---> klass probabilities updated
2020-07-08 15:51:36,230:INFO:spot to cell
in loglik
2020-07-08 15:53:31,066:INFO:spot ---> cell probabilities updated
2020-07-08 15:53:31,752:INFO:update gamma
2020-07-08 15:56:24,737:INFO:Iteration 8, mean prob change 0.235054
2020-07-08 15:56:24,739:INFO:calc expected gamma
time in geneCount:  1.521916151046753
2020-07-08 15:59:26,168:INFO:cell to cell type
time in geneCount:  1.405625343322754
2020-07-08 16:05:32,475:INFO:Cell 0 is classified as Zero with prob 0.90788788
2020-07-08 16:05:32,476:INFO:cell ---> klass probabilities updated
2020-07-08 16:05:34,100:INFO:spot to cell
in loglik
2020-07-08 16:07:32,567:INFO:spot ---> cell probabilities updated
2020-07-08 16:07:33,291:INFO:update gamma
2020-07-08 16:10:41,103:INFO:Iteration 9, mean prob change 0.201115
2020-07-08 16:10:41,105:INFO:calc expected gamma
time in geneCount:  1.5585777759552002
2020-07-08 16:13:40,485:INFO:cell to cell type
time in geneCount:  1.3431575298309326
2020-07-08 16:19:31,958:INFO:Cell 0 is classified as Zero with prob 0.90788058
2020-07-08 16:19:31,958:INFO:cell ---> klass probabilities updated
2020-07-08 16:19:33,509:INFO:spot to cell
in loglik
2020-07-08 16:21:27,495:INFO:spot ---> cell probabilities updated
2020-07-08 16:21:28,184:INFO:update gamma
2020-07-08 16:27:34,255:INFO:Iteration 10, mean prob change 0.134969
2020-07-08 16:27:34,261:INFO:calc expected gamma
time in geneCount:  1.3730807304382324
2020-07-08 16:30:33,726:INFO:cell to cell type
time in geneCount:  1.3986549377441406
2020-07-08 16:36:38,924:INFO:Cell 0 is classified as Zero with prob 0.90788160
2020-07-08 16:36:38,924:INFO:cell ---> klass probabilities updated
2020-07-08 16:36:40,547:INFO:spot to cell
in loglik
2020-07-08 16:38:39,478:INFO:spot ---> cell probabilities updated
2020-07-08 16:38:40,191:INFO:update gamma
2020-07-08 16:41:37,617:INFO:Iteration 11, mean prob change 0.141198
2020-07-08 16:41:37,623:INFO:calc expected gamma
time in geneCount:  1.4351716041564941
2020-07-08 16:44:37,316:INFO:cell to cell type
time in geneCount:  1.3658132553100586
2020-07-08 16:50:41,082:INFO:Cell 0 is classified as Zero with prob 0.90788160
2020-07-08 16:50:41,083:INFO:cell ---> klass probabilities updated
2020-07-08 16:50:42,671:INFO:spot to cell
in loglik
2020-07-08 16:52:46,260:INFO:spot ---> cell probabilities updated
2020-07-08 16:52:46,965:INFO:update gamma
2020-07-08 16:56:26,430:INFO:Iteration 12, mean prob change 0.376283
2020-07-08 16:56:26,433:INFO:calc expected gamma
time in geneCount:  1.6521055698394775
2020-07-08 16:59:28,352:INFO:cell to cell type
time in geneCount:  1.4747872352600098
2020-07-08 17:05:41,464:INFO:Cell 0 is classified as Zero with prob 0.90788160
2020-07-08 17:05:41,464:INFO:cell ---> klass probabilities updated
2020-07-08 17:05:43,100:INFO:spot to cell
in loglik
2020-07-08 17:07:48,849:INFO:spot ---> cell probabilities updated
2020-07-08 17:07:49,603:INFO:update gamma
2020-07-08 17:11:03,715:INFO:Iteration 13, mean prob change 0.305692
2020-07-08 17:11:03,718:INFO:calc expected gamma
time in geneCount:  1.5124046802520752
2020-07-08 17:14:07,309:INFO:cell to cell type
time in geneCount:  1.4442107677459717
2020-07-08 17:20:14,477:INFO:Cell 0 is classified as Zero with prob 0.90788160
2020-07-08 17:20:14,477:INFO:cell ---> klass probabilities updated
2020-07-08 17:20:16,061:INFO:spot to cell
in loglik
2020-07-08 17:22:17,193:INFO:spot ---> cell probabilities updated
2020-07-08 17:22:17,879:INFO:update gamma
2020-07-08 17:29:19,039:INFO:Iteration 14, mean prob change 0.252721
2020-07-08 17:29:19,044:INFO:calc expected gamma
time in geneCount:  1.397981882095337
2020-07-08 17:32:21,530:INFO:cell to cell type
time in geneCount:  1.4248950481414795
2020-07-08 17:38:29,186:INFO:Cell 0 is classified as Zero with prob 0.90788160
2020-07-08 17:38:29,186:INFO:cell ---> klass probabilities updated
2020-07-08 17:38:30,774:INFO:spot to cell
in loglik
2020-07-08 17:40:32,044:INFO:spot ---> cell probabilities updated
2020-07-08 17:40:32,740:INFO:update gamma
2020-07-08 17:48:18,544:INFO:Iteration 15, mean prob change 0.140323
2020-07-08 17:48:18,551:INFO:calc expected gamma
time in geneCount:  1.4049711227416992
2020-07-08 17:51:20,326:INFO:cell to cell type
time in geneCount:  1.3653137683868408
2020-07-08 17:57:26,688:INFO:Cell 0 is classified as Zero with prob 0.90787910
2020-07-08 17:57:26,688:INFO:cell ---> klass probabilities updated
2020-07-08 17:57:28,291:INFO:spot to cell
in loglik
2020-07-08 17:59:28,260:INFO:spot ---> cell probabilities updated
2020-07-08 17:59:28,954:INFO:update gamma
2020-07-08 18:03:22,912:INFO:Iteration 16, mean prob change 0.189238
2020-07-08 18:03:22,914:INFO:calc expected gamma
time in geneCount:  1.5453975200653076
2020-07-08 18:06:28,537:INFO:cell to cell type
time in geneCount:  1.3531651496887207
2020-07-08 18:12:28,153:INFO:Cell 0 is classified as Zero with prob 0.90787910
2020-07-08 18:12:28,153:INFO:cell ---> klass probabilities updated
2020-07-08 18:12:29,715:INFO:spot to cell
in loglik
2020-07-08 18:14:27,734:INFO:spot ---> cell probabilities updated
2020-07-08 18:14:28,412:INFO:update gamma
2020-07-08 18:20:27,283:INFO:Iteration 17, mean prob change 0.292887
2020-07-08 18:20:27,290:INFO:calc expected gamma
time in geneCount:  1.367753028869629
2020-07-08 18:23:54,060:INFO:cell to cell type
time in geneCount:  1.416231632232666
2020-07-08 18:30:13,098:INFO:Cell 0 is classified as Zero with prob 0.90787910
2020-07-08 18:30:13,098:INFO:cell ---> klass probabilities updated
2020-07-08 18:30:14,728:INFO:spot to cell
in loglik
2020-07-08 18:32:16,887:INFO:spot ---> cell probabilities updated
2020-07-08 18:32:17,681:INFO:update gamma
2020-07-08 18:34:57,427:INFO:Iteration 18, mean prob change 0.119124
2020-07-08 18:34:57,431:INFO:calc expected gamma
time in geneCount:  1.313974142074585
2020-07-08 18:37:52,961:INFO:cell to cell type
time in geneCount:  1.3434717655181885
2020-07-08 18:43:51,512:INFO:Cell 0 is classified as Zero with prob 0.90787910
2020-07-08 18:43:51,513:INFO:cell ---> klass probabilities updated
2020-07-08 18:43:53,087:INFO:spot to cell
in loglik
2020-07-08 18:45:47,966:INFO:spot ---> cell probabilities updated
2020-07-08 18:45:48,648:INFO:update gamma
2020-07-08 18:48:35,433:INFO:Iteration 19, mean prob change 0.062453
2020-07-08 18:48:35,439:INFO:calc expected gamma
time in geneCount:  1.3681397438049316
2020-07-08 18:51:32,940:INFO:cell to cell type
time in geneCount:  1.3595337867736816
2020-07-08 18:57:32,049:INFO:Cell 0 is classified as Zero with prob 0.90787910
2020-07-08 18:57:32,049:INFO:cell ---> klass probabilities updated
2020-07-08 18:57:33,608:INFO:spot to cell
in loglik
2020-07-08 18:59:31,486:INFO:spot ---> cell probabilities updated
2020-07-08 18:59:32,176:INFO:update gamma
2020-07-08 19:02:11,795:INFO:Iteration 20, mean prob change 0.066702
2020-07-08 19:02:11,803:INFO:calc expected gamma
time in geneCount:  1.507802963256836
2020-07-08 19:05:11,643:INFO:cell to cell type
time in geneCount:  1.3337836265563965
2020-07-08 19:11:05,484:INFO:Cell 0 is classified as Zero with prob 0.90787956
2020-07-08 19:11:05,484:INFO:cell ---> klass probabilities updated
2020-07-08 19:11:07,184:INFO:spot to cell
in loglik
2020-07-08 19:13:05,702:INFO:spot ---> cell probabilities updated
2020-07-08 19:13:06,389:INFO:update gamma
2020-07-08 19:15:00,738:INFO:Iteration 21, mean prob change 0.086498
2020-07-08 19:15:00,741:INFO:calc expected gamma
time in geneCount:  1.319957971572876
2020-07-08 19:17:57,657:INFO:cell to cell type
time in geneCount:  1.379502773284912
2020-07-08 19:23:57,050:INFO:Cell 0 is classified as Zero with prob 0.90787956
2020-07-08 19:23:57,051:INFO:cell ---> klass probabilities updated
2020-07-08 19:23:58,599:INFO:spot to cell
in loglik
2020-07-08 19:25:53,118:INFO:spot ---> cell probabilities updated
2020-07-08 19:25:53,812:INFO:update gamma
2020-07-08 19:29:09,435:INFO:Iteration 22, mean prob change 0.088979
2020-07-08 19:29:09,438:INFO:calc expected gamma
time in geneCount:  1.4068243503570557
2020-07-08 19:32:06,206:INFO:cell to cell type
time in geneCount:  1.4918513298034668
2020-07-08 19:38:16,173:INFO:Cell 0 is classified as Zero with prob 0.90787956
2020-07-08 19:38:16,173:INFO:cell ---> klass probabilities updated
2020-07-08 19:38:17,751:INFO:spot to cell
in loglik
2020-07-08 19:40:17,679:INFO:spot ---> cell probabilities updated
2020-07-08 19:40:18,358:INFO:update gamma
2020-07-08 19:43:22,333:INFO:Iteration 23, mean prob change 0.068492
2020-07-08 19:43:22,336:INFO:calc expected gamma
time in geneCount:  1.463188648223877
2020-07-08 19:46:22,089:INFO:cell to cell type
time in geneCount:  1.3883769512176514
2020-07-08 19:52:21,296:INFO:Cell 0 is classified as Zero with prob 0.90787956
2020-07-08 19:52:21,296:INFO:cell ---> klass probabilities updated
2020-07-08 19:52:22,834:INFO:spot to cell
in loglik
2020-07-08 19:54:18,137:INFO:spot ---> cell probabilities updated
2020-07-08 19:54:18,814:INFO:update gamma
2020-07-08 19:56:47,746:INFO:Iteration 24, mean prob change 0.071735
2020-07-08 19:56:47,751:INFO:calc expected gamma
time in geneCount:  1.313347578048706
2020-07-08 19:59:46,195:INFO:cell to cell type
time in geneCount:  1.371232509613037
2020-07-08 20:05:42,693:INFO:Cell 0 is classified as Zero with prob 0.90787956
2020-07-08 20:05:42,693:INFO:cell ---> klass probabilities updated
2020-07-08 20:05:44,226:INFO:spot to cell
in loglik
2020-07-08 20:07:39,432:INFO:spot ---> cell probabilities updated
2020-07-08 20:07:40,130:INFO:update gamma
2020-07-08 20:10:22,752:INFO:Iteration 25, mean prob change 0.095849
2020-07-08 20:10:22,756:INFO:calc expected gamma
time in geneCount:  1.5354433059692383
2020-07-08 20:13:19,479:INFO:cell to cell type
time in geneCount:  1.378340482711792
2020-07-08 20:19:21,071:INFO:Cell 0 is classified as Zero with prob 0.90787956
2020-07-08 20:19:21,071:INFO:cell ---> klass probabilities updated
2020-07-08 20:19:22,618:INFO:spot to cell
in loglik
2020-07-08 20:21:17,638:INFO:spot ---> cell probabilities updated
2020-07-08 20:21:18,314:INFO:update gamma
2020-07-08 20:24:10,521:INFO:Iteration 26, mean prob change 0.084691
2020-07-08 20:24:10,525:INFO:calc expected gamma
time in geneCount:  1.658597707748413
2020-07-08 20:27:09,937:INFO:cell to cell type
time in geneCount:  1.2965128421783447
2020-07-08 20:33:04,173:INFO:Cell 0 is classified as Zero with prob 0.90787956
2020-07-08 20:33:04,173:INFO:cell ---> klass probabilities updated
2020-07-08 20:33:05,728:INFO:spot to cell
in loglik
2020-07-08 20:35:03,656:INFO:spot ---> cell probabilities updated
2020-07-08 20:35:04,348:INFO:update gamma
2020-07-08 20:38:07,843:INFO:Iteration 27, mean prob change 0.050410
2020-07-08 20:38:07,846:INFO:calc expected gamma
time in geneCount:  1.4733359813690186
2020-07-08 20:41:06,422:INFO:cell to cell type
time in geneCount:  1.3268582820892334
2020-07-08 20:47:01,281:INFO:Cell 0 is classified as Zero with prob 0.90787956
2020-07-08 20:47:01,281:INFO:cell ---> klass probabilities updated
2020-07-08 20:47:02,855:INFO:spot to cell
in loglik
2020-07-08 20:49:02,922:INFO:spot ---> cell probabilities updated
2020-07-08 20:49:03,607:INFO:update gamma
2020-07-08 20:52:22,764:INFO:Iteration 28, mean prob change 0.027302
2020-07-08 20:52:22,772:INFO:calc expected gamma
time in geneCount:  1.3638906478881836
2020-07-08 20:55:22,981:INFO:cell to cell type
time in geneCount:  1.4116430282592773
2020-07-08 21:01:31,310:INFO:Cell 0 is classified as Zero with prob 0.90787956
2020-07-08 21:01:31,311:INFO:cell ---> klass probabilities updated
2020-07-08 21:01:32,875:INFO:spot to cell
in loglik
2020-07-08 21:03:31,983:INFO:spot ---> cell probabilities updated
2020-07-08 21:03:32,674:INFO:update gamma
2020-07-08 21:07:29,520:INFO:Iteration 29, mean prob change 0.021949
2020-07-08 21:07:29,523:INFO:calc expected gamma
time in geneCount:  1.4227313995361328
2020-07-08 21:10:26,550:INFO:cell to cell type
time in geneCount:  1.3462798595428467
2020-07-08 21:16:20,830:INFO:Cell 0 is classified as Zero with prob 0.90787956
2020-07-08 21:16:20,830:INFO:cell ---> klass probabilities updated
2020-07-08 21:16:22,365:INFO:spot to cell
in loglik
2020-07-08 21:18:19,849:INFO:spot ---> cell probabilities updated
2020-07-08 21:18:20,545:INFO:update gamma
2020-07-08 21:21:41,772:INFO:Iteration 30, mean prob change 0.019757
time in geneCount:  1.6125648021697998
2020-07-08 21:21:43,426:INFO:starting collecting data ...
2020-07-08 21:23:41,058:INFO:Data collected!
Success!!
2020-07-08 21:23:50,896:INFO:Saved at /mnt/d/Home/Dimitris/OneDrive - University College London/Data/David/Midbrain Sequencing Data/data/cell_call_demo_data/MOUSE_FULL_CORONAL_FULL_BRAIN_GENESET/cell_type_output/cellData.json
2020-07-08 21:23:55,088:INFO:Saved at /mnt/d/Home/Dimitris/OneDrive - University College London/Data/David/Midbrain Sequencing Data/data/cell_call_demo_data/MOUSE_FULL_CORONAL_FULL_BRAIN_GENESET/cell_type_output/geneData.json
Done

Process finished with exit code 0
